Traceback (most recent call last):
  File "/opt/hostedtoolcache/Python/3.10.16/x64/lib/python3.10/site-packages/jupyter_cache/executors/utils.py", line 58, in single_nb_execution
    executenb(
  File "/opt/hostedtoolcache/Python/3.10.16/x64/lib/python3.10/site-packages/nbclient/client.py", line 1314, in execute
    return NotebookClient(nb=nb, resources=resources, km=km, **kwargs).execute()
  File "/opt/hostedtoolcache/Python/3.10.16/x64/lib/python3.10/site-packages/jupyter_core/utils/__init__.py", line 165, in wrapped
    return loop.run_until_complete(inner)
  File "/opt/hostedtoolcache/Python/3.10.16/x64/lib/python3.10/asyncio/base_events.py", line 649, in run_until_complete
    return future.result()
  File "/opt/hostedtoolcache/Python/3.10.16/x64/lib/python3.10/site-packages/nbclient/client.py", line 709, in async_execute
    await self.async_execute_cell(
  File "/opt/hostedtoolcache/Python/3.10.16/x64/lib/python3.10/site-packages/nbclient/client.py", line 1062, in async_execute_cell
    await self._check_raise_for_error(cell, cell_index, exec_reply)
  File "/opt/hostedtoolcache/Python/3.10.16/x64/lib/python3.10/site-packages/nbclient/client.py", line 918, in _check_raise_for_error
    raise CellExecutionError.from_cell_and_msg(cell, exec_reply_content)
nbclient.exceptions.CellExecutionError: An error occurred while executing the following cell:
------------------
%matplotlib widget
import time
import numpy as np
from aeromaps.core.process import create_process
from aeromaps.core.models import (
    models_traffic,
    models_efficiency_bottom_up,
    models_energy_without_fuel_effect,
    models_offset,
    models_climate_simple_gwpstar,
    models_sustainability,
    models_costs_bottom_up,
)
from aeromaps.models.air_transport.aircraft_fleet_and_operations.fleet.fleet_model import (
    AircraftParameters,
    Aircraft,
)
------------------


[0;31m---------------------------------------------------------------------------[0m
[0;31mModuleNotFoundError[0m                       Traceback (most recent call last)
Cell [0;32mIn[1], line 4[0m
[1;32m      2[0m [38;5;28;01mimport[39;00m [38;5;21;01mtime[39;00m
[1;32m      3[0m [38;5;28;01mimport[39;00m [38;5;21;01mnumpy[39;00m [38;5;28;01mas[39;00m [38;5;21;01mnp[39;00m
[0;32m----> 4[0m [38;5;28;01mfrom[39;00m [38;5;21;01maeromaps[39;00m[38;5;21;01m.[39;00m[38;5;21;01mcore[39;00m[38;5;21;01m.[39;00m[38;5;21;01mprocess[39;00m [38;5;28;01mimport[39;00m create_process
[1;32m      5[0m [38;5;28;01mfrom[39;00m [38;5;21;01maeromaps[39;00m[38;5;21;01m.[39;00m[38;5;21;01mcore[39;00m[38;5;21;01m.[39;00m[38;5;21;01mmodels[39;00m [38;5;28;01mimport[39;00m (
[1;32m      6[0m     models_traffic,
[1;32m      7[0m     models_efficiency_bottom_up,
[0;32m   (...)[0m
[1;32m     12[0m     models_costs_bottom_up,
[1;32m     13[0m )
[1;32m     14[0m [38;5;28;01mfrom[39;00m [38;5;21;01maeromaps[39;00m[38;5;21;01m.[39;00m[38;5;21;01mmodels[39;00m[38;5;21;01m.[39;00m[38;5;21;01mair_transport[39;00m[38;5;21;01m.[39;00m[38;5;21;01maircraft_fleet_and_operations[39;00m[38;5;21;01m.[39;00m[38;5;21;01mfleet[39;00m[38;5;21;01m.[39;00m[38;5;21;01mfleet_model[39;00m [38;5;28;01mimport[39;00m (
[1;32m     15[0m     AircraftParameters,
[1;32m     16[0m     Aircraft,
[1;32m     17[0m )

[0;31mModuleNotFoundError[0m: No module named 'aeromaps'

